{
  "0 debug pnpm:scope": {
    "selected": 1,
    "workspacePrefix": "/Users/aureldvx/Sites/OSS/@ecohead/kondonizer"
  },
  "1 error pnpm": {
    "code": "ELIFECYCLE",
    "errno": "ENOENT",
    "syscall": "spawn",
    "file": "sh",
    "pkgid": "vite-template-solid@0.0.0",
    "stage": "dev",
    "script": "vite",
    "pkgname": "vite-template-solid",
    "err": {
      "name": "pnpm",
      "message": "vite-template-solid@0.0.0 dev: `vite`\nspawn ENOENT",
      "code": "ELIFECYCLE",
      "stack": "pnpm: vite-template-solid@0.0.0 dev: `vite`\nspawn ENOENT\n    at ChildProcess.<anonymous> (/Users/aureldvx/.volta/tools/image/packages/pnpm/lib/node_modules/pnpm/dist/pnpm.cjs:93466:22)\n    at ChildProcess.emit (node:events:390:28)\n    at maybeClose (node:internal/child_process:1064:16)\n    at Process.ChildProcess._handle.onexit (node:internal/child_process:301:5)"
    }
  },
  "2 warn pnpm:global": " Local package.json exists, but node_modules missing, did you mean to install?"
}